2025-12-13T23:09:50.529-0500 [INFO]  Terraform version: 1.5.7
2025-12-13T23:09:50.529-0500 [DEBUG] using github.com/hashicorp/go-tfe v1.26.0
2025-12-13T23:09:50.529-0500 [DEBUG] using github.com/hashicorp/hcl/v2 v2.16.2
2025-12-13T23:09:50.529-0500 [DEBUG] using github.com/hashicorp/terraform-svchost v0.1.0
2025-12-13T23:09:50.529-0500 [DEBUG] using github.com/zclconf/go-cty v1.12.2
2025-12-13T23:09:50.529-0500 [INFO]  Go runtime version: go1.22.2
2025-12-13T23:09:50.529-0500 [INFO]  CLI args: []string{"terraform", "validate", "-no-color"}
2025-12-13T23:09:50.529-0500 [TRACE] Stdout is not a terminal
2025-12-13T23:09:50.529-0500 [TRACE] Stderr is not a terminal
2025-12-13T23:09:50.529-0500 [TRACE] Stdin is not a terminal
2025-12-13T23:09:50.529-0500 [DEBUG] Attempting to open CLI config file: /Users/mahoraga/.terraformrc
2025-12-13T23:09:50.529-0500 [DEBUG] File doesn't exist, but doesn't need to. Ignoring.
2025-12-13T23:09:50.530-0500 [DEBUG] ignoring non-existing provider search directory terraform.d/plugins
2025-12-13T23:09:50.530-0500 [DEBUG] ignoring non-existing provider search directory /Users/mahoraga/.terraform.d/plugins
2025-12-13T23:09:50.530-0500 [DEBUG] ignoring non-existing provider search directory /Users/mahoraga/Library/Application Support/io.terraform/plugins
2025-12-13T23:09:50.530-0500 [DEBUG] ignoring non-existing provider search directory /Library/Application Support/io.terraform/plugins
2025-12-13T23:09:50.530-0500 [INFO]  CLI command args: []string{"validate", "-no-color"}
2025-12-13T23:09:50.531-0500 [TRACE] providercache.fillMetaCache: scanning directory .terraform/providers
2025-12-13T23:09:50.531-0500 [TRACE] getproviders.SearchLocalDirectory: found registry.terraform.io/okta/okta v4.20.0 for darwin_arm64 at .terraform/providers/registry.terraform.io/okta/okta/4.20.0/darwin_arm64
2025-12-13T23:09:50.532-0500 [TRACE] providercache.fillMetaCache: including .terraform/providers/registry.terraform.io/okta/okta/4.20.0/darwin_arm64 as a candidate package for registry.terraform.io/okta/okta 4.20.0
2025-12-13T23:09:50.558-0500 [DEBUG] checking for provisioner in "."
2025-12-13T23:09:50.561-0500 [DEBUG] checking for provisioner in "/opt/homebrew/bin"
2025-12-13T23:09:50.561-0500 [TRACE] terraform.NewContext: starting
2025-12-13T23:09:50.561-0500 [TRACE] terraform.NewContext: complete
2025-12-13T23:09:50.561-0500 [DEBUG] Building and walking validate graph
2025-12-13T23:09:50.561-0500 [TRACE] building graph for walkValidate
2025-12-13T23:09:50.561-0500 [TRACE] Executing graph transform *terraform.ConfigTransformer
2025-12-13T23:09:50.561-0500 [TRACE] ConfigTransformer: Starting for path:
2025-12-13T23:09:50.561-0500 [TRACE] Completed graph transform *terraform.ConfigTransformer with new graph:
  okta_group.groups - *terraform.NodeValidatableResource
  ------
2025-12-13T23:09:50.561-0500 [TRACE] Executing graph transform *terraform.RootVariableTransformer
2025-12-13T23:09:50.561-0500 [TRACE] Completed graph transform *terraform.RootVariableTransformer with new graph:
  okta_group.groups - *terraform.NodeValidatableResource
  var.okta_api_token - *terraform.NodeRootVariable
  var.okta_base_url - *terraform.NodeRootVariable
  var.okta_org_name - *terraform.NodeRootVariable
  var.okta_org_url - *terraform.NodeRootVariable
  ------
2025-12-13T23:09:50.561-0500 [TRACE] Executing graph transform *terraform.ModuleVariableTransformer
2025-12-13T23:09:50.561-0500 [TRACE] Completed graph transform *terraform.ModuleVariableTransformer (no changes)
2025-12-13T23:09:50.561-0500 [TRACE] Executing graph transform *terraform.LocalTransformer
2025-12-13T23:09:50.561-0500 [TRACE] Completed graph transform *terraform.LocalTransformer with new graph:
  local.derived_base_url (expand) - *terraform.nodeExpandLocal
  local.derived_org_name (expand) - *terraform.nodeExpandLocal
  local.okta_groups (expand) - *terraform.nodeExpandLocal
  okta_group.groups - *terraform.NodeValidatableResource
  var.okta_api_token - *terraform.NodeRootVariable
  var.okta_base_url - *terraform.NodeRootVariable
  var.okta_org_name - *terraform.NodeRootVariable
  var.okta_org_url - *terraform.NodeRootVariable
  ------
2025-12-13T23:09:50.561-0500 [TRACE] Executing graph transform *terraform.OutputTransformer
2025-12-13T23:09:50.561-0500 [TRACE] OutputTransformer: adding okta_group_ids as *terraform.nodeExpandOutput
2025-12-13T23:09:50.561-0500 [TRACE] Completed graph transform *terraform.OutputTransformer with new graph:
  local.derived_base_url (expand) - *terraform.nodeExpandLocal
  local.derived_org_name (expand) - *terraform.nodeExpandLocal
  local.okta_groups (expand) - *terraform.nodeExpandLocal
  okta_group.groups - *terraform.NodeValidatableResource
  output.okta_group_ids (expand) - *terraform.nodeExpandOutput
  var.okta_api_token - *terraform.NodeRootVariable
  var.okta_base_url - *terraform.NodeRootVariable
  var.okta_org_name - *terraform.NodeRootVariable
  var.okta_org_url - *terraform.NodeRootVariable
  ------
2025-12-13T23:09:50.561-0500 [TRACE] Executing graph transform *terraform.checkTransformer
2025-12-13T23:09:50.561-0500 [TRACE] Completed graph transform *terraform.checkTransformer (no changes)
2025-12-13T23:09:50.561-0500 [TRACE] Executing graph transform *terraform.OrphanResourceInstanceTransformer
2025-12-13T23:09:50.561-0500 [TRACE] Completed graph transform *terraform.OrphanResourceInstanceTransformer (no changes)
2025-12-13T23:09:50.561-0500 [TRACE] Executing graph transform *terraform.StateTransformer
2025-12-13T23:09:50.561-0500 [TRACE] StateTransformer: pointless no-op call, creating no nodes at all
2025-12-13T23:09:50.561-0500 [TRACE] Completed graph transform *terraform.StateTransformer (no changes)
2025-12-13T23:09:50.561-0500 [TRACE] Executing graph transform *terraform.AttachStateTransformer
2025-12-13T23:09:50.561-0500 [TRACE] Completed graph transform *terraform.AttachStateTransformer (no changes)
2025-12-13T23:09:50.561-0500 [TRACE] Executing graph transform *terraform.OrphanOutputTransformer
2025-12-13T23:09:50.561-0500 [TRACE] Completed graph transform *terraform.OrphanOutputTransformer (no changes)
2025-12-13T23:09:50.561-0500 [TRACE] Executing graph transform *terraform.AttachResourceConfigTransformer
2025-12-13T23:09:50.561-0500 [TRACE] AttachResourceConfigTransformer: attaching to "okta_group.groups" (*terraform.NodeValidatableResource) config from groups.tf:49,1-31
2025-12-13T23:09:50.561-0500 [TRACE] AttachResourceConfigTransformer: attaching provider meta configs to okta_group.groups
2025-12-13T23:09:50.561-0500 [TRACE] Completed graph transform *terraform.AttachResourceConfigTransformer (no changes)
2025-12-13T23:09:50.561-0500 [TRACE] Executing graph transform *terraform.graphTransformerMulti
2025-12-13T23:09:50.561-0500 [TRACE] (graphTransformerMulti) Executing graph transform *terraform.ProviderConfigTransformer
2025-12-13T23:09:50.561-0500 [TRACE] ProviderConfigTransformer: attaching to "provider[\"registry.terraform.io/okta/okta\"]" provider configuration from provider.tf:11,1-16
2025-12-13T23:09:50.561-0500 [TRACE] (graphTransformerMulti) Completed graph transform *terraform.ProviderConfigTransformer with new graph:
  local.derived_base_url (expand) - *terraform.nodeExpandLocal
  local.derived_org_name (expand) - *terraform.nodeExpandLocal
  local.okta_groups (expand) - *terraform.nodeExpandLocal
  okta_group.groups - *terraform.NodeValidatableResource
  output.okta_group_ids (expand) - *terraform.nodeExpandOutput
  provider["registry.terraform.io/okta/okta"] - *terraform.NodeApplyableProvider
  var.okta_api_token - *terraform.NodeRootVariable
  var.okta_base_url - *terraform.NodeRootVariable
  var.okta_org_name - *terraform.NodeRootVariable
  var.okta_org_url - *terraform.NodeRootVariable
  ------
2025-12-13T23:09:50.561-0500 [TRACE] (graphTransformerMulti) Executing graph transform *terraform.MissingProviderTransformer
2025-12-13T23:09:50.561-0500 [TRACE] (graphTransformerMulti) Completed graph transform *terraform.MissingProviderTransformer (no changes)
2025-12-13T23:09:50.561-0500 [TRACE] (graphTransformerMulti) Executing graph transform *terraform.ProviderTransformer
2025-12-13T23:09:50.561-0500 [TRACE] ProviderTransformer: exact match for provider["registry.terraform.io/okta/okta"] serving okta_group.groups
2025-12-13T23:09:50.561-0500 [DEBUG] ProviderTransformer: "okta_group.groups" (*terraform.NodeValidatableResource) needs provider["registry.terraform.io/okta/okta"]
2025-12-13T23:09:50.561-0500 [TRACE] (graphTransformerMulti) Completed graph transform *terraform.ProviderTransformer with new graph:
  local.derived_base_url (expand) - *terraform.nodeExpandLocal
  local.derived_org_name (expand) - *terraform.nodeExpandLocal
  local.okta_groups (expand) - *terraform.nodeExpandLocal
  okta_group.groups - *terraform.NodeValidatableResource
    provider["registry.terraform.io/okta/okta"] - *terraform.NodeApplyableProvider
  output.okta_group_ids (expand) - *terraform.nodeExpandOutput
  provider["registry.terraform.io/okta/okta"] - *terraform.NodeApplyableProvider
  var.okta_api_token - *terraform.NodeRootVariable
  var.okta_base_url - *terraform.NodeRootVariable
  var.okta_org_name - *terraform.NodeRootVariable
  var.okta_org_url - *terraform.NodeRootVariable
  ------
2025-12-13T23:09:50.561-0500 [TRACE] (graphTransformerMulti) Executing graph transform *terraform.PruneProviderTransformer
2025-12-13T23:09:50.561-0500 [TRACE] (graphTransformerMulti) Completed graph transform *terraform.PruneProviderTransformer (no changes)
2025-12-13T23:09:50.561-0500 [TRACE] Completed graph transform *terraform.graphTransformerMulti with new graph:
  local.derived_base_url (expand) - *terraform.nodeExpandLocal
  local.derived_org_name (expand) - *terraform.nodeExpandLocal
  local.okta_groups (expand) - *terraform.nodeExpandLocal
  okta_group.groups - *terraform.NodeValidatableResource
    provider["registry.terraform.io/okta/okta"] - *terraform.NodeApplyableProvider
  output.okta_group_ids (expand) - *terraform.nodeExpandOutput
  provider["registry.terraform.io/okta/okta"] - *terraform.NodeApplyableProvider
  var.okta_api_token - *terraform.NodeRootVariable
  var.okta_base_url - *terraform.NodeRootVariable
  var.okta_org_name - *terraform.NodeRootVariable
  var.okta_org_url - *terraform.NodeRootVariable
  ------
2025-12-13T23:09:50.561-0500 [TRACE] Executing graph transform *terraform.RemovedModuleTransformer
2025-12-13T23:09:50.561-0500 [TRACE] Completed graph transform *terraform.RemovedModuleTransformer (no changes)
2025-12-13T23:09:50.561-0500 [TRACE] Executing graph transform *terraform.AttachSchemaTransformer
2025-12-13T23:09:50.561-0500 [TRACE] terraform.contextPlugins: Initializing provider "registry.terraform.io/okta/okta" to read its schema
2025-12-13T23:09:50.562-0500 [DEBUG] created provider logger: level=trace
2025-12-13T23:09:50.562-0500 [INFO]  provider: configuring client automatic mTLS
2025-12-13T23:09:50.568-0500 [DEBUG] provider: starting plugin: path=.terraform/providers/registry.terraform.io/okta/okta/4.20.0/darwin_arm64/terraform-provider-okta_v4.20.0 args=[.terraform/providers/registry.terraform.io/okta/okta/4.20.0/darwin_arm64/terraform-provider-okta_v4.20.0]
2025-12-13T23:09:50.570-0500 [DEBUG] provider: plugin started: path=.terraform/providers/registry.terraform.io/okta/okta/4.20.0/darwin_arm64/terraform-provider-okta_v4.20.0 pid=78906
2025-12-13T23:09:50.570-0500 [DEBUG] provider: waiting for RPC address: path=.terraform/providers/registry.terraform.io/okta/okta/4.20.0/darwin_arm64/terraform-provider-okta_v4.20.0
2025-12-13T23:09:50.585-0500 [ERROR] provider.terraform-provider-okta_v4.20.0: plugin init error: error="listen unix /var/folders/ck/6hc57ypj2xd0cxwqpdyd_pd00000gr/T/plugin1083825411: bind: operation not permitted" timestamp=2025-12-13T23:09:50.585-0500
2025-12-13T23:09:50.585-0500 [DEBUG] provider: plugin process exited: path=.terraform/providers/registry.terraform.io/okta/okta/4.20.0/darwin_arm64/terraform-provider-okta_v4.20.0 pid=78906
2025-12-13T23:09:50.585-0500 [TRACE] Completed graph transform *terraform.AttachSchemaTransformer (no changes)

Error: failed to read provider configuration schema for registry.terraform.io/okta/okta: failed to instantiate provider "registry.terraform.io/okta/okta" to obtain schema: Unrecognized remote plugin message: 

This usually means that the plugin is either invalid or simply
needs to be recompiled to support the latest protocol.

2025-12-13T23:09:50.587-0500 [WARN]  provider: plugin failed to exit gracefully
